c:\code\bkfighters\newtrainingframework\newtrainingframework\debug\newtrainingframework.pch
c:\code\bkfighters\newtrainingframework\newtrainingframework\debug\vc143.pdb
c:\code\bkfighters\newtrainingframework\newtrainingframework\debug\vc143.idb
c:\code\bkfighters\newtrainingframework\newtrainingframework\debug\stdafx.obj
c:\code\bkfighters\newtrainingframework\newtrainingframework\debug\scenemanager.obj
c:\code\bkfighters\newtrainingframework\newtrainingframework\debug\gamestatebase.obj
c:\code\bkfighters\newtrainingframework\newtrainingframework\debug\gamestatemachine.obj
c:\code\bkfighters\newtrainingframework\newtrainingframework\debug\gsintro.obj
c:\code\bkfighters\newtrainingframework\newtrainingframework\debug\gsmenu.obj
c:\code\bkfighters\newtrainingframework\newtrainingframework\debug\gsplay.obj
c:\code\bkfighters\newtrainingframework\newtrainingframework\debug\animationmanager.obj
c:\code\bkfighters\newtrainingframework\newtrainingframework\debug\character.obj
c:\code\bkfighters\newtrainingframework\newtrainingframework\debug\characteranimation.obj
c:\code\bkfighters\newtrainingframework\newtrainingframework\debug\charactercombat.obj
c:\code\bkfighters\newtrainingframework\newtrainingframework\debug\characterhitbox.obj
c:\code\bkfighters\newtrainingframework\newtrainingframework\debug\charactermovement.obj
c:\code\bkfighters\newtrainingframework\newtrainingframework\debug\wallcollision.obj
c:\code\bkfighters\newtrainingframework\newtrainingframework\debug\inputmanager.obj
c:\code\bkfighters\newtrainingframework\newtrainingframework\debug\energyorbprojectile.obj
c:\code\bkfighters\newtrainingframework\newtrainingframework\debug\shaders.obj
c:\code\bkfighters\newtrainingframework\newtrainingframework\debug\teleportcollision.obj
c:\code\bkfighters\newtrainingframework\newtrainingframework\debug\texture2d.obj
c:\code\bkfighters\newtrainingframework\newtrainingframework\debug\platformcollision.obj
c:\code\bkfighters\newtrainingframework\newtrainingframework\debug\laddercollision.obj
c:\code\bkfighters\newtrainingframework\newtrainingframework\debug\soundmanager.obj
c:\code\bkfighters\newtrainingframework\newtrainingframework\debug\camera.obj
c:\code\bkfighters\newtrainingframework\newtrainingframework\debug\gamebutton.obj
c:\code\bkfighters\newtrainingframework\newtrainingframework\debug\model.obj
c:\code\bkfighters\newtrainingframework\newtrainingframework\debug\newtrainingframework.obj
c:\code\bkfighters\newtrainingframework\newtrainingframework\debug\object.obj
c:\code\bkfighters\newtrainingframework\newtrainingframework\debug\resourcemanager.obj
c:\code\bkfighters\newtrainingframework\bin\newtrainingframework.exe
c:\code\bkfighters\newtrainingframework\bin\newtrainingframework.pdb
c:\code\bkfighters\newtrainingframework\newtrainingframework\debug\newtrainingframework.ilk
c:\code\bkfighters\newtrainingframework\\bin\newtrainingframework.pdb
c:\code\bkfighters\newtrainingframework\newtrainingframework\debug\newtrain.fc024ec8.tlog\cl.command.1.tlog
c:\code\bkfighters\newtrainingframework\newtrainingframework\debug\newtrain.fc024ec8.tlog\cl.items.tlog
c:\code\bkfighters\newtrainingframework\newtrainingframework\debug\newtrain.fc024ec8.tlog\cl.read.1.tlog
c:\code\bkfighters\newtrainingframework\newtrainingframework\debug\newtrain.fc024ec8.tlog\cl.write.1.tlog
c:\code\bkfighters\newtrainingframework\newtrainingframework\debug\newtrain.fc024ec8.tlog\link.command.1.tlog
c:\code\bkfighters\newtrainingframework\newtrainingframework\debug\newtrain.fc024ec8.tlog\link.read.1.tlog
c:\code\bkfighters\newtrainingframework\newtrainingframework\debug\newtrain.fc024ec8.tlog\link.secondary.1.tlog
c:\code\bkfighters\newtrainingframework\newtrainingframework\debug\newtrain.fc024ec8.tlog\link.write.1.tlog
